<?xml version="1.0" encoding="UTF-8"?>
<!-- Generated by org.testng.reporters.JUnitReportReporter -->
<testsuite hostname="Bloomlync-Qa" failures="0" tests="1" name="testCases.TC_AccountRegistrationTest" time="2.716" errors="0" timestamp="2024-08-22T14:55:35 IST" skipped="0">
  <testcase classname="testCases.TC_AccountRegistrationTest" name="verify_account_registration" time="2.716"/>
  <system-out/>
</testsuite> <!-- testCases.TC_AccountRegistrationTest -->
