<?xml version="1.0" encoding="UTF-8"?>
<!-- Generated by org.testng.reporters.JUnitReportReporter -->
<testsuite hostname="Bloomlync-Qa" failures="0" tests="1" name="testCases.TC002_LoginTest" time="1.420" errors="0" timestamp="2024-08-22T21:28:26 IST" skipped="0">
  <testcase classname="testCases.TC002_LoginTest" name="verify_login" time="1.420"/>
  <system-out/>
</testsuite> <!-- testCases.TC002_LoginTest -->
