<?xml version="1.0" encoding="UTF-8"?>
<!-- Generated by org.testng.reporters.JUnitReportReporter -->
<testsuite hostname="Bloomlync-Qa" failures="0" tests="1" name="testCases.TC001_AccountRegistrationTest" time="2.077" errors="0" timestamp="2024-08-22T21:28:26 IST" skipped="0">
  <testcase classname="testCases.TC001_AccountRegistrationTest" name="verify_account_registration" time="2.077"/>
  <system-out/>
</testsuite> <!-- testCases.TC001_AccountRegistrationTest -->
